-------------------------------------------------------------------------------
Test set: com.example.TesiIntegrazioneProgettoEsterno.Test_Katalon
-------------------------------------------------------------------------------
Tests run: 1, Failures: 1, Errors: 0, Skipped: 0, Time elapsed: 12.272 s <<< FAILURE! - in com.example.TesiIntegrazioneProgettoEsterno.Test_Katalon
test_loc_Katalon_release_1_1(com.example.TesiIntegrazioneProgettoEsterno.Test_Katalon)  Time elapsed: 12.204 s  <<< FAILURE!
org.junit.ComparisonFailure: expected:<[Marco]> but was:<[De Luca]>
	at com.example.TesiIntegrazioneProgettoEsterno.Test_Katalon.test_loc_Katalon_release_1_1(Test_Katalon.java:56)

