-------------------------------------------------------------------------------
Test set: com.example.TesiIntegrazioneProgettoEsterno.Test_Katalon
-------------------------------------------------------------------------------
Tests run: 2, Failures: 0, Errors: 2, Skipped: 0, Time elapsed: 1.168 s <<< FAILURE! - in com.example.TesiIntegrazioneProgettoEsterno.Test_Katalon
test_loc_Katalon_release_1_1(com.example.TesiIntegrazioneProgettoEsterno.Test_Katalon)  Time elapsed: 1.134 s  <<< ERROR!
org.openqa.selenium.SessionNotCreatedException: 
session not created: This version of ChromeDriver only supports Chrome version 114
Current browser version is 123.0.6312.58 with binary path /usr/bin/google-chrome
Build info: version: '4.0.0-alpha-3', revision: '8c567de6dc'
System info: host: 'fv-az566-840', ip: '10.1.0.93', os.name: 'Linux', os.arch: 'amd64', os.version: '6.5.0-1016-azure', java.version: '1.8.0_402'
Driver info: driver.version: ChromeDriver
remote stacktrace: #0 0x55d9290a84e3 <unknown>
#1 0x55d928dd7c76 <unknown>
#2 0x55d928e0504a <unknown>
#3 0x55d928e004a1 <unknown>
#4 0x55d928dfd029 <unknown>
#5 0x55d928e3bccc <unknown>
#6 0x55d928e3b47f <unknown>
#7 0x55d928e32de3 <unknown>
#8 0x55d928e082dd <unknown>
#9 0x55d928e0934e <unknown>
#10 0x55d9290683e4 <unknown>
#11 0x55d92906c3d7 <unknown>
#12 0x55d929076b20 <unknown>
#13 0x55d92906d023 <unknown>
#14 0x55d92903b1aa <unknown>
#15 0x55d9290916b8 <unknown>
#16 0x55d929091847 <unknown>
#17 0x55d9290a1243 <unknown>
#18 0x7f32d2694ac3 <unknown>

	at com.example.TesiIntegrazioneProgettoEsterno.Test_Katalon.setUp(Test_Katalon.java:32)

test_loc_Katalon_release_1_1(com.example.TesiIntegrazioneProgettoEsterno.Test_Katalon)  Time elapsed: 1.135 s  <<< ERROR!
java.lang.NullPointerException
	at com.example.TesiIntegrazioneProgettoEsterno.Test_Katalon.tearDown(Test_Katalon.java:62)

