-------------------------------------------------------------------------------
Test set: com.example.TesiIntegrazioneProgettoEsterno.Test_myXPathHookRelativeTemplateFromParentRegex
-------------------------------------------------------------------------------
Tests run: 1, Failures: 0, Errors: 1, Skipped: 0, Time elapsed: 26.92 s <<< FAILURE! - in com.example.TesiIntegrazioneProgettoEsterno.Test_myXPathHookRelativeTemplateFromParentRegex
test_loc_myXPathHookRelativeTemplateFromParentRegex_release_1_1(com.example.TesiIntegrazioneProgettoEsterno.Test_myXPathHookRelativeTemplateFromParentRegex)  Time elapsed: 26.897 s  <<< ERROR!
org.openqa.selenium.NoSuchElementException: 
no such element: Unable to locate element: {"method":"xpath","selector":"//html//*[@x934114515538-x-test-hook-9]/div[2]//*[@x934107962964-x-test-hook-22]/div//*[@x934112684301-x-test-hook-11][4]//*[@x934112684301-x-test-hook-13]"}
  (Session info: chrome-headless-shell=124.0.6367.60)
For documentation on this error, please visit: https://www.seleniumhq.org/exceptions/no_such_element.html
Build info: version: '4.0.0-alpha-3', revision: '8c567de6dc'
System info: host: 'fv-az1052-870', ip: '10.1.0.49', os.name: 'Linux', os.arch: 'amd64', os.version: '6.5.0-1018-azure', java.version: '1.8.0_412'
Driver info: org.openqa.selenium.chrome.ChromeDriver
Capabilities {acceptInsecureCerts: false, browserName: chrome-headless-shell, browserVersion: 124.0.6367.60, chrome: {chromedriverVersion: 124.0.6367.91 (51df0e5e17a8..., userDataDir: /tmp/.org.chromium.Chromium...}, fedcm:accounts: true, goog:chromeOptions: {debuggerAddress: localhost:38053}, javascriptEnabled: true, networkConnectionEnabled: false, pageLoadStrategy: normal, platform: LINUX, platformName: LINUX, proxy: Proxy(), setWindowRect: true, strictFileInteractability: false, timeouts: {implicit: 0, pageLoad: 300000, script: 30000}, unhandledPromptBehavior: dismiss and notify, webauthn:extension:credBlob: true, webauthn:extension:largeBlob: true, webauthn:extension:minPinLength: true, webauthn:extension:prf: true, webauthn:virtualAuthenticators: true}
Session ID: dc933ade46402eaea0a6a5acdae1554e
*** Element info: {Using=xpath, value=//html//*[@x934114515538-x-test-hook-9]/div[2]//*[@x934107962964-x-test-hook-22]/div//*[@x934112684301-x-test-hook-11][4]//*[@x934112684301-x-test-hook-13]}
	at com.example.TesiIntegrazioneProgettoEsterno.Test_myXPathHookRelativeTemplateFromParentRegex.test_loc_myXPathHookRelativeTemplateFromParentRegex_release_1_1(Test_myXPathHookRelativeTemplateFromParentRegex.java:53)

